TN:memorytest
SF:/home/huwei/workspace/blog/memorytest1/setcolor.c
FN:4,setcolor
FNDA:12,setcolor
FNF:1
FNH:1
DA:4,12
DA:6,12
DA:7,1
DA:8,11
DA:9,11
DA:10,1
DA:11,10
DA:12,1
DA:13,9
DA:14,1
DA:15,8
DA:16,1
DA:17,7
DA:18,1
DA:20,6
DA:21,11
LF:16
LH:16
end_of_record
TN:memorytest
SF:/home/huwei/workspace/blog/memorytest1/test_main.c
FN:19,SetcolorTest
FN:24,_X_TEST_test_scene_CONSTRUCT
FN:24,_X_TEST_test_scene_FUNC
FN:42,_X_TEST_printferr_exist_FUNC
FN:42,_X_TEST_printferr_exist_CONSTRUCT
FN:53,Readtest
FN:72,_X_TEST_Read_seekcorrect_CONSTRUCT
FN:72,_X_TEST_Read_seekcorrect_FUNC
FN:78,_X_TEST_Malloc_success_FUNC
FN:78,_X_TEST_Malloc_success_CONSTRUCT
FN:98,_X_TEST_getsize_success_CONSTRUCT
FN:98,_X_TEST_getsize_success_FUNC
FN:132,_X_TEST_buf_write_num_ssucces_FUNC
FN:132,_X_TEST_buf_write_num_ssucces_CONSTRUCT
FN:146,verify
FN:167,_X_TEST_buf_write_num_writecorrect_CONSTRUCT
FN:167,_X_TEST_buf_write_num_writecorrect_FUNC
FN:173,_X_TEST_file_lock_success_FUNC
FN:173,_X_TEST_file_lock_success_CONSTRUCT
FN:183,main
FNDA:12,SetcolorTest
FNDA:1,_X_TEST_test_scene_FUNC
FNDA:1,_X_TEST_test_scene_CONSTRUCT
FNDA:1,_X_TEST_printferr_exist_FUNC
FNDA:1,_X_TEST_printferr_exist_CONSTRUCT
FNDA:1,Readtest
FNDA:1,_X_TEST_Read_seekcorrect_FUNC
FNDA:1,_X_TEST_Read_seekcorrect_CONSTRUCT
FNDA:1,_X_TEST_Malloc_success_FUNC
FNDA:1,_X_TEST_Malloc_success_CONSTRUCT
FNDA:1,_X_TEST_getsize_success_FUNC
FNDA:1,_X_TEST_getsize_success_CONSTRUCT
FNDA:1,_X_TEST_buf_write_num_ssucces_FUNC
FNDA:1,_X_TEST_buf_write_num_ssucces_CONSTRUCT
FNDA:3,verify
FNDA:1,_X_TEST_buf_write_num_writecorrect_FUNC
FNDA:1,_X_TEST_buf_write_num_writecorrect_CONSTRUCT
FNDA:1,_X_TEST_file_lock_success_FUNC
FNDA:1,_X_TEST_file_lock_success_CONSTRUCT
FNDA:1,main
FNF:20
FNH:20
DA:19,12
DA:22,12
DA:24,2
DA:26,1
DA:27,1
DA:28,1
DA:29,1
DA:30,1
DA:31,1
DA:32,1
DA:33,1
DA:34,1
DA:36,1
DA:37,1
DA:38,1
DA:39,1
DA:42,2
DA:44,1
DA:45,1
DA:46,1
DA:47,1
DA:48,1
DA:49,1
DA:50,1
DA:51,1
DA:52,1
DA:53,1
DA:55,1
DA:56,1
DA:57,1
DA:58,1
DA:59,1
DA:60,1
DA:61,1
DA:62,1
DA:63,1
DA:64,129
DA:65,128
DA:66,1
DA:67,1
DA:68,1
DA:69,1
DA:72,2
DA:74,1
DA:75,1
DA:78,2
DA:80,1
DA:82,1
DA:84,1
DA:86,1
DA:88,1
DA:90,1
DA:92,1
DA:94,1
DA:96,1
DA:98,2
DA:100,1
DA:101,1
DA:102,1
DA:103,1
DA:104,1
DA:105,1
DA:106,1
DA:107,1
DA:108,1
DA:109,1
DA:110,1
DA:111,1
DA:112,1
DA:113,1
DA:114,1
DA:115,1
DA:116,1
DA:117,1
DA:118,1
DA:119,1
DA:120,1
DA:121,1
DA:122,1
DA:123,1
DA:124,1
DA:125,1
DA:126,1
DA:127,1
DA:128,1
DA:132,2
DA:134,1
DA:135,1
DA:136,1
DA:137,1
DA:138,1
DA:139,1
DA:140,1
DA:141,1
DA:142,1
DA:143,1
DA:144,1
DA:146,3
DA:148,3
DA:149,3
DA:150,3
DA:151,12
DA:153,6
DA:154,3
DA:157,3
DA:158,3
DA:161,3
DA:162,3
DA:163,0
DA:165,3
DA:167,2
DA:169,1
DA:170,1
DA:171,1
DA:172,1
DA:173,2
DA:176,1
DA:178,1
DA:179,1
DA:180,1
DA:181,1
DA:182,1
DA:183,1
DA:185,1
LF:124
LH:123
end_of_record
TN:memorytest
SF:/home/huwei/workspace/blog/memorytest1/Malloc.c
FN:3,Malloc
FNDA:8,Malloc
FNF:1
FNH:1
DA:3,8
DA:5,8
DA:6,2
DA:8,6
DA:9,2
DA:13,4
DA:14,4
DA:16,0
DA:17,0
DA:19,4
LF:10
LH:8
end_of_record
TN:memorytest
SF:/home/huwei/workspace/blog/memorytest1/buf_write_num.c
FN:8,buf_write_num
FNDA:10,buf_write_num
FNF:1
FNH:1
DA:8,10
DA:10,10
DA:12,2
DA:13,2
DA:15,8
DA:17,1
DA:18,1
DA:20,7
DA:21,7
DA:22,83
DA:24,71
DA:26,2
DA:27,2
DA:29,69
DA:31,7
DA:32,7
DA:34,16
DA:36,14
DA:38,6
DA:40,4
DA:45,46
DA:46,41
DA:48,7
LF:23
LH:23
end_of_record
TN:memorytest
SF:/home/huwei/workspace/blog/memorytest1/printferr.c
FN:3,printferr
FNDA:8,printferr
FNF:1
FNH:1
DA:3,8
DA:6,8
DA:7,6
DA:9,1
DA:10,1
DA:11,1
DA:12,1
DA:13,1
DA:14,1
DA:15,1
DA:16,1
DA:17,1
DA:18,1
DA:19,1
DA:20,1
DA:21,1
DA:22,1
DA:23,1
DA:24,1
DA:25,1
DA:26,1
DA:30,2
DA:31,2
DA:33,8
LF:24
LH:24
end_of_record
TN:memorytest
SF:/home/huwei/workspace/blog/memorytest1/file_lock.c
FN:3,file_lock
FNDA:3,file_lock
FNF:1
FNH:1
DA:3,3
DA:5,3
DA:7,1
DA:8,1
DA:11,2
DA:12,2
DA:14,1
DA:16,1
DA:17,1
DA:21,0
DA:22,0
DA:25,1
LF:12
LH:10
end_of_record
TN:memorytest
SF:/home/huwei/workspace/blog/memorytest1/getsize.c
FN:3,getsize
FNDA:28,getsize
FNF:1
FNH:1
DA:3,28
DA:5,28
DA:6,28
DA:8,1
DA:10,27
DA:11,21
DA:12,26
DA:13,26
DA:14,83
DA:16,31
DA:17,31
DA:19,26
DA:20,5
DA:21,21
DA:22,6
DA:23,15
DA:24,4
DA:25,11
DA:26,2
DA:27,9
DA:28,2
DA:29,7
DA:30,2
DA:31,5
DA:32,2
DA:33,3
DA:34,1
DA:35,2
DA:36,1
DA:38,1
DA:42,1
DA:44,21
LF:32
LH:32
end_of_record
TN:memorytest
SF:/home/huwei/workspace/blog/memorytest1/xtest.c
FN:14,usage
FN:58,make_entry
FN:80,xtest_register
FN:112,make_fail_msg
FN:125,xtest_fail_message
FN:160,parse_cmdline
FN:202,export_header
FN:212,export_tailer
FN:219,export_case_header
FN:230,export_case_tailer
FN:237,xml_escape
FN:283,export_failure
FN:300,export_msg_and_clean
FN:330,xtest_exit
FN:340,casecmp
FN:356,wild_match
FN:371,infoset_execute
FN:450,xtest_start_test
FNDA:0,usage
FNDA:8,make_entry
FNDA:8,xtest_register
FNDA:0,make_fail_msg
FNDA:0,xtest_fail_message
FNDA:1,parse_cmdline
FNDA:1,export_header
FNDA:1,export_tailer
FNDA:8,export_case_header
FNDA:8,export_case_tailer
FNDA:0,xml_escape
FNDA:0,export_failure
FNDA:8,export_msg_and_clean
FNDA:8,xtest_exit
FNDA:15,casecmp
FNDA:0,wild_match
FNDA:1,infoset_execute
FNDA:1,xtest_start_test
FNF:18
FNH:12
DA:14,0
DA:16,0
DA:34,0
DA:58,8
DA:64,8
DA:65,8
DA:67,8
DA:68,8
DA:69,0
DA:70,0
DA:72,8
DA:73,8
DA:74,8
DA:75,8
DA:76,8
DA:77,8
DA:80,8
DA:88,8
DA:89,1
DA:90,1
DA:91,1
DA:94,8
DA:95,8
DA:96,8
DA:112,0
DA:114,0
DA:115,0
DA:117,0
DA:118,0
DA:119,0
DA:121,0
DA:122,0
DA:125,0
DA:130,0
DA:131,0
DA:132,0
DA:134,0
DA:135,0
DA:136,0
DA:137,0
DA:140,0
DA:141,0
DA:160,1
DA:164,1
DA:166,2
DA:167,1
DA:168,0
DA:169,0
DA:170,0
DA:171,0
DA:172,0
DA:173,0
DA:174,0
DA:176,0
DA:178,1
DA:179,0
DA:180,0
DA:181,0
DA:182,0
DA:183,0
DA:184,0
DA:185,0
DA:186,0
DA:187,1
DA:188,0
DA:189,0
DA:190,0
DA:191,0
DA:192,1
DA:193,0
DA:194,1
DA:195,1
DA:199,1
DA:202,1
DA:204,1
DA:205,0
DA:206,0
DA:208,1
DA:210,1
DA:212,1
DA:214,1
DA:215,0
DA:217,1
DA:219,8
DA:222,8
DA:223,0
DA:226,8
DA:228,8
DA:230,8
DA:232,8
DA:233,0
DA:235,8
DA:237,0
DA:239,0
DA:240,0
DA:241,0
DA:244,0
DA:246,0
DA:247,0
DA:248,0
DA:249,0
DA:250,0
DA:251,0
DA:252,0
DA:253,0
DA:254,0
DA:255,0
DA:256,0
DA:257,0
DA:258,0
DA:259,0
DA:260,0
DA:261,0
DA:262,0
DA:263,0
DA:264,0
DA:265,0
DA:266,0
DA:267,0
DA:268,0
DA:269,0
DA:270,0
DA:271,0
DA:272,0
DA:274,0
DA:276,0
DA:278,0
DA:279,0
DA:280,0
DA:283,0
DA:285,0
DA:287,0
DA:288,0
DA:290,0
DA:291,0
DA:293,0
DA:296,0
DA:298,0
DA:300,8
DA:302,8
DA:303,0
DA:305,8
DA:308,0
DA:309,0
DA:312,0
DA:313,0
DA:314,0
DA:315,0
DA:316,0
DA:318,0
DA:319,0
DA:320,0
DA:322,8
DA:323,0
DA:325,8
DA:328,8
DA:330,8
DA:332,8
DA:333,8
DA:340,15
DA:342,15
DA:343,15
DA:345,15
DA:346,0
DA:347,0
DA:348,0
DA:350,0
DA:352,15
DA:356,0
DA:358,0
DA:359,0
DA:360,0
DA:361,0
DA:362,0
DA:363,0
DA:364,0
DA:365,0
DA:366,0
DA:371,1
DA:375,1
DA:376,0
DA:378,1
DA:380,1
DA:382,9
DA:383,8
DA:386,8
DA:387,0
DA:388,0
DA:391,8
DA:393,8
DA:394,0
DA:395,0
DA:397,0
DA:398,0
DA:400,0
DA:401,0
DA:403,0
DA:405,8
DA:406,0
DA:407,0
DA:410,16
DA:411,8
DA:412,0
DA:414,8
DA:415,8
DA:417,8
DA:418,0
DA:420,8
DA:422,8
DA:424,8
DA:426,8
DA:427,0
DA:430,8
DA:433,0
DA:434,0
DA:436,0
DA:437,0
DA:439,0
DA:440,0
DA:444,8
DA:446,1
DA:447,1
DA:450,1
DA:452,1
LF:224
LH:82
end_of_record
TN:memorytest
SF:/home/huwei/workspace/blog/memorytest1/Read.c
FN:3,Read
FNDA:1,Read
FNF:1
FNH:1
DA:3,1
DA:5,1
DA:6,1
DA:7,1
DA:8,3
DA:10,1
DA:12,1
DA:13,1
DA:16,1
LF:9
LH:9
end_of_record
